[2021-05-25T14:53:42.687] [DEBUG] cheese - login => username:admin,password:123456
[2021-05-25T14:53:42.688] [DEBUG] cheese - admin
[2021-05-25T14:53:42.703] [DEBUG] cheese - null
[2021-05-25T14:53:42.703] [DEBUG] cheese - null
[2022-10-25T11:30:37.869] [DEBUG] cheese - login => username:aaaa,password:123456
[2022-10-25T11:30:37.958] [DEBUG] cheese - aaaa
[2022-10-25T11:30:38.072] [DEBUG] cheese - null
[2022-10-25T11:30:38.073] [DEBUG] cheese - null
[2022-10-25T11:31:03.573] [DEBUG] cheese - login => username:admin,password:123456
[2022-10-25T11:31:03.573] [DEBUG] cheese - admin
[2022-10-25T11:31:03.576] [DEBUG] cheese - null
[2022-10-25T11:31:03.576] [DEBUG] cheese - null
[2022-10-25T19:57:06.282] [DEBUG] cheese - login => username:hyf,password:2222222
[2022-10-25T19:57:06.283] [DEBUG] cheese - hyf
[2022-10-25T19:57:06.395] [DEBUG] cheese - null
[2022-10-25T19:57:06.395] [DEBUG] cheese - null
[2022-10-25T19:57:13.681] [DEBUG] cheese - login => username:jyf,password:123456789
[2022-10-25T19:57:13.681] [DEBUG] cheese - jyf
[2022-10-25T19:57:13.683] [DEBUG] cheese - null
[2022-10-25T19:57:13.684] [DEBUG] cheese - null
[2022-10-25T19:57:34.265] [DEBUG] cheese - login => username:admin,password:123456
[2022-10-25T19:57:34.265] [DEBUG] cheese - admin
[2022-10-25T19:57:34.268] [DEBUG] cheese - null
[2022-10-25T19:57:34.269] [DEBUG] cheese - null
[2022-10-25T19:58:22.331] [DEBUG] cheese - login => username:admin,password:123456
[2022-10-25T19:58:22.331] [DEBUG] cheese - admin
[2022-10-25T19:58:22.333] [DEBUG] cheese - null
[2022-10-25T19:58:22.333] [DEBUG] cheese - null
[2022-10-25T19:59:00.907] [DEBUG] cheese - login => username:admin,password:123456
[2022-10-25T19:59:00.907] [DEBUG] cheese - admin
[2022-10-25T19:59:00.909] [DEBUG] cheese - null
[2022-10-25T19:59:00.910] [DEBUG] cheese - null
[2022-10-25T20:01:42.940] [DEBUG] cheese - login => username:admin,password:123456
[2022-10-25T20:01:42.940] [DEBUG] cheese - admin
[2022-10-25T20:01:42.942] [DEBUG] cheese - null
[2022-10-25T20:01:42.942] [DEBUG] cheese - null
[2022-10-25T20:01:49.773] [DEBUG] cheese - login => username:admin,password:123456
[2022-10-25T20:01:49.773] [DEBUG] cheese - admin
[2022-10-25T20:01:49.775] [DEBUG] cheese - null
[2022-10-25T20:01:49.775] [DEBUG] cheese - null
[2022-10-25T20:05:54.732] [DEBUG] cheese - login => username:admin,password:123456
[2022-10-25T20:05:54.732] [DEBUG] cheese - admin
[2022-10-25T20:05:54.734] [DEBUG] cheese - null
[2022-10-25T20:05:54.734] [DEBUG] cheese - null
[2022-10-25T20:07:32.100] [DEBUG] cheese - login => username:admin,password:123456
[2022-10-25T20:07:32.100] [DEBUG] cheese - admin
[2022-10-25T20:07:32.102] [DEBUG] cheese - null
[2022-10-25T20:07:32.102] [DEBUG] cheese - null
[2022-10-25T20:11:08.575] [DEBUG] cheese - login => username:admin,password:123456
[2022-10-25T20:11:08.575] [DEBUG] cheese - admin
[2022-10-25T20:11:08.577] [DEBUG] cheese - null
[2022-10-25T20:11:08.577] [DEBUG] cheese - null
[2022-10-25T20:15:01.676] [DEBUG] cheese - login => username:admin,password:123456
[2022-10-25T20:15:01.676] [DEBUG] cheese - admin
[2022-10-25T20:15:01.678] [DEBUG] cheese - null
[2022-10-25T20:15:01.678] [DEBUG] cheese - null
[2022-10-25T20:29:09.073] [DEBUG] cheese - login => username:admin,password:123456
[2022-10-25T20:29:09.073] [DEBUG] cheese - admin
[2022-10-25T20:29:09.075] [DEBUG] cheese - null
[2022-10-25T20:29:09.076] [DEBUG] cheese - null
[2022-10-25T20:30:04.072] [DEBUG] cheese - login => username:admin,password:123456
[2022-10-25T20:30:04.072] [DEBUG] cheese - admin
[2022-10-25T20:30:04.073] [DEBUG] cheese - null
[2022-10-25T20:30:04.073] [DEBUG] cheese - null
[2022-10-25T20:38:40.266] [DEBUG] cheese - login => username:admin,password:123456
[2022-10-25T20:38:40.266] [DEBUG] cheese - admin
[2022-10-25T20:38:40.268] [DEBUG] cheese - null
[2022-10-25T20:38:40.269] [DEBUG] cheese - null
[2022-10-25T20:58:52.412] [DEBUG] cheese - login => username:admin,password:123456
[2022-10-25T20:58:52.412] [DEBUG] cheese - admin
[2022-10-25T20:58:52.413] [DEBUG] cheese - null
[2022-10-25T20:58:52.413] [DEBUG] cheese - null
[2022-10-26T11:45:42.369] [DEBUG] cheese - login => username:admin,password:123456
[2022-10-26T11:45:42.370] [DEBUG] cheese - admin
[2022-10-26T11:45:42.381] [DEBUG] cheese - null
[2022-10-26T11:45:42.381] [DEBUG] cheese - null
[2022-10-26T12:00:03.754] [DEBUG] cheese - login => username:admin,password:123456
[2022-10-26T12:00:03.754] [DEBUG] cheese - admin
[2022-10-26T12:00:03.756] [DEBUG] cheese - null
[2022-10-26T12:00:03.756] [DEBUG] cheese - null
[2022-10-26T12:00:15.870] [DEBUG] cheese - login => username:admin,password:123456
[2022-10-26T12:00:15.870] [DEBUG] cheese - admin
[2022-10-26T12:00:15.871] [DEBUG] cheese - null
[2022-10-26T12:00:15.872] [DEBUG] cheese - null
[2022-10-26T12:02:23.639] [DEBUG] cheese - login => username:admin,password:123456
[2022-10-26T12:02:23.639] [DEBUG] cheese - admin
[2022-10-26T12:02:23.640] [DEBUG] cheese - null
[2022-10-26T12:02:23.640] [DEBUG] cheese - null
[2022-10-26T13:27:16.831] [DEBUG] cheese - login => username:admin,password:123456
[2022-10-26T13:27:16.831] [DEBUG] cheese - admin
[2022-10-26T13:27:16.833] [DEBUG] cheese - null
[2022-10-26T13:27:16.833] [DEBUG] cheese - null
[2022-10-26T16:55:12.344] [DEBUG] cheese - login => username:admin,password:123456
[2022-10-26T16:55:12.344] [DEBUG] cheese - admin
[2022-10-26T16:55:12.345] [DEBUG] cheese - null
[2022-10-26T16:55:12.346] [DEBUG] cheese - null
[2022-10-27T10:24:21.180] [DEBUG] cheese - login => username:admin,password:123456
[2022-10-27T10:24:21.181] [DEBUG] cheese - admin
[2022-10-27T10:24:21.295] [DEBUG] cheese - null
[2022-10-27T10:24:21.295] [DEBUG] cheese - null
[2022-10-27T11:10:47.587] [DEBUG] cheese - login => username:admin,password:123456
[2022-10-27T11:10:47.587] [DEBUG] cheese - admin
[2022-10-27T11:10:47.590] [DEBUG] cheese - null
[2022-10-27T11:10:47.590] [DEBUG] cheese - null
[2022-10-27T15:06:48.734] [DEBUG] cheese - login => username:admin,password:123456
[2022-10-27T15:06:48.736] [DEBUG] cheese - admin
[2022-10-27T15:06:48.750] [DEBUG] cheese - null
[2022-10-27T15:06:48.751] [DEBUG] cheese - null
[2022-10-27T19:32:10.682] [DEBUG] cheese - login => username:admin,password:123456
[2022-10-27T19:32:10.683] [DEBUG] cheese - admin
[2022-10-27T19:32:11.522] [DEBUG] cheese - login => username:admin,password:123456
[2022-10-27T19:32:11.522] [DEBUG] cheese - admin
[2022-10-27T19:32:11.682] [DEBUG] cheese - login => username:admin,password:123456
[2022-10-27T19:32:11.682] [DEBUG] cheese - admin
[2022-10-27T19:32:11.793] [DEBUG] cheese - null
[2022-10-27T19:32:11.793] [DEBUG] cheese - null
[2022-10-27T19:32:11.945] [DEBUG] cheese - null
[2022-10-27T19:32:11.946] [DEBUG] cheese - null
[2022-10-27T19:32:12.016] [DEBUG] cheese - null
[2022-10-27T19:32:12.017] [DEBUG] cheese - null
[2022-10-27T19:32:12.088] [DEBUG] cheese - login => username:admin,password:123456
[2022-10-27T19:32:12.088] [DEBUG] cheese - admin
[2022-10-27T19:32:12.093] [DEBUG] cheese - null
[2022-10-27T19:32:12.093] [DEBUG] cheese - null
[2022-10-27T19:55:44.437] [DEBUG] cheese - login => username:admin,password:123456
[2022-10-27T19:55:44.437] [DEBUG] cheese - admin
[2022-10-27T19:55:44.439] [DEBUG] cheese - null
[2022-10-27T19:55:44.439] [DEBUG] cheese - null
[2022-10-28T19:52:34.113] [DEBUG] cheese - null
[2022-10-28T19:55:16.823] [DEBUG] cheese - null
[2022-10-28T20:05:24.864] [DEBUG] cheese - login => username:admin,password:123456
[2022-10-28T20:05:24.865] [DEBUG] cheese - admin
[2022-10-28T20:05:24.874] [DEBUG] cheese - null
[2022-10-28T20:05:24.874] [DEBUG] cheese - null
[2022-10-29T18:17:12.511] [DEBUG] cheese - login => username:admin,password:123456
[2022-10-29T18:17:12.512] [DEBUG] cheese - admin
[2022-10-29T18:17:12.514] [DEBUG] cheese - null
[2022-10-29T18:17:12.515] [DEBUG] cheese - null
[2022-10-29T20:59:18.103] [DEBUG] cheese - login => username:admin,password:123456
[2022-10-29T20:59:18.104] [DEBUG] cheese - admin
[2022-10-29T20:59:18.108] [DEBUG] cheese - null
[2022-10-29T20:59:18.109] [DEBUG] cheese - null
[2022-10-29T21:07:41.031] [DEBUG] cheese - login => username:admin,password:123456
[2022-10-29T21:07:41.031] [DEBUG] cheese - admin
[2022-10-29T21:07:41.032] [DEBUG] cheese - null
[2022-10-29T21:07:41.032] [DEBUG] cheese - null
[2022-10-29T23:05:11.444] [DEBUG] cheese - login => username:jyf,password:123456789
[2022-10-29T23:05:11.445] [DEBUG] cheese - jyf
[2022-10-29T23:05:11.453] [DEBUG] cheese - null
[2022-10-29T23:05:11.454] [DEBUG] cheese - null
[2022-10-29T23:05:48.903] [DEBUG] cheese - login => username:jyf,password:123456789
[2022-10-29T23:05:48.903] [DEBUG] cheese - jyf
[2022-10-29T23:05:48.905] [DEBUG] cheese - null
[2022-10-29T23:05:48.905] [DEBUG] cheese - null
[2022-10-29T23:08:53.296] [DEBUG] cheese - login => username:jyf,password:123456789
[2022-10-29T23:08:53.296] [DEBUG] cheese - jyf
[2022-10-29T23:08:53.298] [DEBUG] cheese - null
[2022-10-29T23:08:53.299] [DEBUG] cheese - null
[2022-10-29T23:09:07.023] [DEBUG] cheese - login => username:admin,password:123456
[2022-10-29T23:09:07.023] [DEBUG] cheese - admin
[2022-10-29T23:09:07.026] [DEBUG] cheese - null
[2022-10-29T23:09:07.026] [DEBUG] cheese - null
[2022-10-29T23:11:04.272] [DEBUG] cheese - login => username:jyf,password:123456
[2022-10-29T23:11:04.272] [DEBUG] cheese - jyf
[2022-10-29T23:11:04.273] [DEBUG] cheese - null
[2022-10-29T23:11:23.340] [DEBUG] cheese - login => username:jyf,password:123456
[2022-10-29T23:11:23.341] [DEBUG] cheese - jyf
[2022-10-29T23:11:23.349] [DEBUG] cheese - null
[2022-10-29T23:11:34.002] [DEBUG] cheese - login => username:jyf,password:123456
[2022-10-29T23:11:34.003] [DEBUG] cheese - jyf
[2022-10-29T23:11:34.012] [DEBUG] cheese - null
[2022-10-29T23:17:16.366] [DEBUG] cheese - login => username:jyf,password:123456
[2022-10-29T23:17:16.367] [DEBUG] cheese - jyf
[2022-10-29T23:17:16.375] [DEBUG] cheese - null
[2022-10-29T23:17:43.697] [DEBUG] cheese - login => username:admin,password:123456
[2022-10-29T23:17:43.698] [DEBUG] cheese - admin
[2022-10-29T23:17:43.719] [DEBUG] cheese - null
[2022-10-29T23:17:43.720] [DEBUG] cheese - null
[2022-10-31T19:46:21.349] [DEBUG] cheese - login => username:admin,password:123456
[2022-10-31T19:46:21.375] [DEBUG] cheese - admin
[2022-10-31T19:46:21.657] [DEBUG] cheese - null
[2022-10-31T19:46:21.658] [DEBUG] cheese - null
[2022-10-31T20:37:39.920] [DEBUG] cheese - login => username:admin,password:123456
[2022-10-31T20:37:39.921] [DEBUG] cheese - admin
[2022-10-31T20:37:39.931] [DEBUG] cheese - null
[2022-10-31T20:37:39.932] [DEBUG] cheese - null
[2022-11-01T11:43:50.201] [DEBUG] cheese - login => username:admin,password:123456
[2022-11-01T11:43:50.202] [DEBUG] cheese - admin
[2022-11-01T11:43:50.211] [DEBUG] cheese - null
[2022-11-01T11:43:50.212] [DEBUG] cheese - null
[2022-11-01T16:51:39.767] [DEBUG] cheese - login => username:admin,password:123456
[2022-11-01T16:51:39.785] [DEBUG] cheese - admin
[2022-11-01T16:51:39.835] [DEBUG] cheese - null
[2022-11-01T16:51:39.835] [DEBUG] cheese - null
[2022-11-01T16:57:15.162] [DEBUG] cheese - login => username:admin,password:123456
[2022-11-01T16:57:15.162] [DEBUG] cheese - admin
[2022-11-01T16:57:15.164] [DEBUG] cheese - null
[2022-11-01T16:57:15.164] [DEBUG] cheese - null
[2022-11-01T20:00:22.926] [DEBUG] cheese - login => username:admin,password:123456
[2022-11-01T20:00:22.928] [DEBUG] cheese - admin
[2022-11-01T20:00:22.930] [DEBUG] cheese - null
[2022-11-01T20:00:22.930] [DEBUG] cheese - null
[2022-11-02T08:48:15.089] [DEBUG] cheese - login => username:admin,password:123456
[2022-11-02T08:48:15.090] [DEBUG] cheese - admin
[2022-11-02T08:48:15.100] [DEBUG] cheese - null
[2022-11-02T08:48:15.101] [DEBUG] cheese - null
[2022-11-02T11:36:16.123] [DEBUG] cheese - login => username:admin,password:123456
[2022-11-02T11:36:16.123] [DEBUG] cheese - admin
[2022-11-02T11:36:16.126] [DEBUG] cheese - null
[2022-11-02T11:36:16.126] [DEBUG] cheese - null
[2022-11-02T16:41:37.697] [DEBUG] cheese - login => username:admin,password:123456
[2022-11-02T16:41:37.699] [DEBUG] cheese - admin
[2022-11-02T16:41:37.702] [DEBUG] cheese - null
[2022-11-02T16:41:37.702] [DEBUG] cheese - null
[2022-11-02T17:28:42.662] [DEBUG] cheese - login => username:admin,password:123456
[2022-11-02T17:28:42.663] [DEBUG] cheese - admin
[2022-11-02T17:28:42.665] [DEBUG] cheese - null
[2022-11-02T17:28:42.666] [DEBUG] cheese - null
[2022-11-02T19:57:41.802] [DEBUG] cheese - null
[2022-11-02T20:39:59.442] [DEBUG] cheese - login => username:admin,password:123456
[2022-11-02T20:39:59.443] [DEBUG] cheese - admin
[2022-11-02T20:39:59.446] [DEBUG] cheese - null
[2022-11-02T20:39:59.446] [DEBUG] cheese - null
[2022-11-03T09:57:55.857] [DEBUG] cheese - login => username:admin,password:123456
[2022-11-03T09:57:55.858] [DEBUG] cheese - admin
[2022-11-03T09:57:55.869] [DEBUG] cheese - null
[2022-11-03T09:57:55.869] [DEBUG] cheese - null
[2022-11-03T09:57:56.091] [DEBUG] cheese - login => username:admin,password:123456
[2022-11-03T09:57:56.091] [DEBUG] cheese - admin
[2022-11-03T09:57:56.094] [DEBUG] cheese - null
[2022-11-03T09:57:56.094] [DEBUG] cheese - null
[2022-11-03T15:09:36.647] [DEBUG] cheese - login => username:admin,password:123456
[2022-11-03T15:09:36.649] [DEBUG] cheese - admin
[2022-11-03T15:09:36.659] [DEBUG] cheese - null
[2022-11-03T15:09:36.659] [DEBUG] cheese - null
[2022-11-03T15:33:57.373] [DEBUG] cheese - null
[2022-11-04T20:03:44.118] [DEBUG] cheese - login => username:admin,password:123456
[2022-11-04T20:03:44.132] [DEBUG] cheese - admin
[2022-11-04T20:03:44.166] [DEBUG] cheese - null
[2022-11-04T20:03:44.166] [DEBUG] cheese - null
[2022-11-04T20:30:25.912] [DEBUG] cheese - login => username:admin,password:123456
[2022-11-04T20:30:25.913] [DEBUG] cheese - admin
[2022-11-04T20:30:25.919] [DEBUG] cheese - null
[2022-11-04T20:30:25.920] [DEBUG] cheese - null
[2022-11-07T20:39:43.131] [DEBUG] cheese - login => username:admin,password:123456
[2022-11-07T20:39:43.134] [DEBUG] cheese - admin
[2022-11-07T20:39:43.387] [DEBUG] cheese - null
[2022-11-07T20:39:43.387] [DEBUG] cheese - null
[2022-11-19T20:54:13.210] [DEBUG] cheese - login => username:admin,password:123456
[2022-11-19T20:54:13.211] [DEBUG] cheese - admin
[2022-11-19T20:54:13.811] [DEBUG] cheese - null
[2022-11-19T20:54:13.811] [DEBUG] cheese - null
[2023-02-24T11:45:16.154] [DEBUG] cheese - login => username:admin,password:123456
[2023-02-24T11:45:16.156] [DEBUG] cheese - admin
[2023-02-24T11:45:16.327] [DEBUG] cheese - null
[2023-02-24T11:45:16.327] [DEBUG] cheese - null
[2023-02-24T11:47:22.601] [DEBUG] cheese - login => username:admin,password:123456
[2023-02-24T11:47:22.602] [DEBUG] cheese - admin
[2023-02-24T11:47:22.604] [DEBUG] cheese - null
[2023-02-24T11:47:22.605] [DEBUG] cheese - null
[2023-03-08T14:10:14.483] [DEBUG] cheese - login => username:admin,password:123456
[2023-03-08T14:10:14.485] [DEBUG] cheese - admin
[2023-03-08T14:10:14.703] [DEBUG] cheese - null
[2023-03-08T14:10:14.704] [DEBUG] cheese - null
[2023-03-29T16:12:33.517] [DEBUG] cheese - login => username:admin,password:123456
[2023-03-29T16:12:33.518] [DEBUG] cheese - admin
[2023-03-29T16:12:33.796] [DEBUG] cheese - null
[2023-03-29T16:12:33.796] [DEBUG] cheese - null
[2023-04-21T20:04:41.823] [DEBUG] cheese - login => username:admin,password:123456
[2023-04-21T20:04:41.825] [DEBUG] cheese - admin
[2023-04-21T20:04:42.054] [DEBUG] cheese - null
[2023-04-21T20:04:42.055] [DEBUG] cheese - null
